0 info it worked if it ends with ok
1 verbose cli [ '/usr/local/bin/node',
1 verbose cli   '/usr/local/bin/npm',
1 verbose cli   'install',
1 verbose cli   'forever',
1 verbose cli   '-g' ]
2 info using npm@2.7.4
3 info using node@v0.13.0-pre
4 silly cache add args [ 'forever', null ]
5 verbose cache add spec forever
6 silly cache add parsed spec { raw: 'forever',
6 silly cache add   scope: null,
6 silly cache add   name: 'forever',
6 silly cache add   rawSpec: '',
6 silly cache add   spec: '*',
6 silly cache add   type: 'range' }
7 verbose addNamed forever@*
8 silly addNamed semver.valid null
9 silly addNamed semver.validRange *
10 silly addNameRange { name: 'forever', range: '*', hasData: false }
11 silly mapToRegistry name forever
12 silly mapToRegistry using default registry
13 silly mapToRegistry registry https://registry.npmjs.org/
14 silly mapToRegistry uri https://registry.npmjs.org/forever
15 verbose addNameRange registry:https://registry.npmjs.org/forever not in flight; fetching
16 verbose request uri https://registry.npmjs.org/forever
17 verbose request no auth needed
18 info attempt registry request try #1 at 13:57:09
19 verbose request id 7b6aa8b4ded8878c
20 http request GET https://registry.npmjs.org/forever
21 http 200 https://registry.npmjs.org/forever
22 silly get cb [ 200,
22 silly get   { date: 'Sun, 19 Apr 2015 06:57:11 GMT',
22 silly get     server: 'CouchDB/1.5.0 (Erlang OTP/R16B03)',
22 silly get     etag: '"7LBBWEZ7RDLE4RJ2QEFISOJ0X"',
22 silly get     'content-type': 'application/json',
22 silly get     'cache-control': 'max-age=60',
22 silly get     'content-length': '73566',
22 silly get     'accept-ranges': 'bytes',
22 silly get     via: '1.1 varnish',
22 silly get     age: '0',
22 silly get     'x-served-by': 'cache-lax1427-LAX',
22 silly get     'x-cache': 'HIT',
22 silly get     'x-cache-hits': '1',
22 silly get     'x-timer': 'S1429426630.850864,VS0,VE180',
22 silly get     vary: 'Accept',
22 silly get     'keep-alive': 'timeout=10, max=50',
22 silly get     connection: 'Keep-Alive' } ]
23 verbose get saving forever to /home/administrator/.npm/registry.npmjs.org/forever/.cache.json
24 silly addNameRange number 2 { name: 'forever', range: '*', hasData: true }
25 silly addNameRange versions [ 'forever',
25 silly addNameRange   [ '0.6.0',
25 silly addNameRange     '0.6.1',
25 silly addNameRange     '0.6.2',
25 silly addNameRange     '0.6.3',
25 silly addNameRange     '0.6.4',
25 silly addNameRange     '0.6.5',
25 silly addNameRange     '0.6.6',
25 silly addNameRange     '0.6.7',
25 silly addNameRange     '0.6.8',
25 silly addNameRange     '0.6.9',
25 silly addNameRange     '0.7.0',
25 silly addNameRange     '0.7.1',
25 silly addNameRange     '0.7.2',
25 silly addNameRange     '0.7.3',
25 silly addNameRange     '0.7.4',
25 silly addNameRange     '0.7.5',
25 silly addNameRange     '0.8.0',
25 silly addNameRange     '0.8.1',
25 silly addNameRange     '0.8.2',
25 silly addNameRange     '0.8.3',
25 silly addNameRange     '0.8.4',
25 silly addNameRange     '0.8.5',
25 silly addNameRange     '0.9.0',
25 silly addNameRange     '0.9.1',
25 silly addNameRange     '0.9.2',
25 silly addNameRange     '0.10.0',
25 silly addNameRange     '0.10.5',
25 silly addNameRange     '0.10.6',
25 silly addNameRange     '0.10.7',
25 silly addNameRange     '0.10.8',
25 silly addNameRange     '0.10.9',
25 silly addNameRange     '0.10.10',
25 silly addNameRange     '0.10.11',
25 silly addNameRange     '0.11.0',
25 silly addNameRange     '0.11.1',
25 silly addNameRange     '0.12.0',
25 silly addNameRange     '0.13.0',
25 silly addNameRange     '0.14.1' ] ]
26 verbose addNamed forever@0.14.1
27 silly addNamed semver.valid 0.14.1
28 silly addNamed semver.validRange 0.14.1
29 silly mapToRegistry name forever
30 silly mapToRegistry using default registry
31 silly mapToRegistry registry https://registry.npmjs.org/
32 silly mapToRegistry uri https://registry.npmjs.org/forever
33 verbose addRemoteTarball https://registry.npmjs.org/forever/-/forever-0.14.1.tgz not in flight; adding
34 verbose addRemoteTarball [ 'https://registry.npmjs.org/forever/-/forever-0.14.1.tgz',
34 verbose addRemoteTarball   '48bed8c2b215be5c1a3bf429275514a4dca1158a' ]
35 info retry fetch attempt 1 at 13:57:11
36 info attempt registry request try #1 at 13:57:11
37 http fetch GET https://registry.npmjs.org/forever/-/forever-0.14.1.tgz
38 http fetch 200 https://registry.npmjs.org/forever/-/forever-0.14.1.tgz
39 silly fetchAndShaCheck shasum 48bed8c2b215be5c1a3bf429275514a4dca1158a
40 verbose addTmpTarball /tmp/npm-1562-3badc63b/registry.npmjs.org/forever/-/forever-0.14.1.tgz not in flight; adding
41 verbose addTmpTarball already have metadata; skipping unpack for forever@0.14.1
42 silly cache afterAdd forever@0.14.1
43 verbose afterAdd /home/administrator/.npm/forever/0.14.1/package/package.json not in flight; writing
44 verbose afterAdd /home/administrator/.npm/forever/0.14.1/package/package.json written
45 silly install resolved [ { name: 'forever',
45 silly install resolved     preferGlobal: 'true',
45 silly install resolved     description: 'A simple CLI tool for ensuring that a given node script runs continuously (i.e. forever)',
45 silly install resolved     version: '0.14.1',
45 silly install resolved     author: { name: 'Charlie Robbins', email: 'charlie.robbins@gmail.com' },
45 silly install resolved     maintainers: [ [Object], [Object], [Object], [Object], [Object] ],
45 silly install resolved     repository: { type: 'git', url: 'http://github.com/nodejitsu/forever.git' },
45 silly install resolved     keywords: [ 'cli', 'fault tolerant', 'sysadmin', 'tools' ],
45 silly install resolved     dependencies:
45 silly install resolved      { colors: '~0.6.2',
45 silly install resolved        cliff: '~0.1.9',
45 silly install resolved        flatiron: '~0.4.2',
45 silly install resolved        'forever-monitor': '~1.5.1',
45 silly install resolved        nconf: '~0.6.9',
45 silly install resolved        nssocket: '~0.5.1',
45 silly install resolved        optimist: '~0.6.0',
45 silly install resolved        timespan: '~2.3.0',
45 silly install resolved        utile: '~0.2.1',
45 silly install resolved        winston: '~0.8.1' },
45 silly install resolved     devDependencies:
45 silly install resolved      { broadway: '~0.3.6',
45 silly install resolved        eventemitter2: '0.4.x',
45 silly install resolved        request: '2.x.x',
45 silly install resolved        vows: '0.7.x' },
45 silly install resolved     bin: { forever: './bin/forever' },
45 silly install resolved     main: './lib/forever',
45 silly install resolved     scripts: { test: 'vows test/**/*-test.js --spec -i' },
45 silly install resolved     engines: { node: '>= 0.8.x' },
45 silly install resolved     gitHead: '509eaf24deaf1ea8515298d5fcf16708715e658c',
45 silly install resolved     bugs: { url: 'https://github.com/nodejitsu/forever/issues' },
45 silly install resolved     homepage: 'https://github.com/nodejitsu/forever',
45 silly install resolved     _id: 'forever@0.14.1',
45 silly install resolved     _shasum: '48bed8c2b215be5c1a3bf429275514a4dca1158a',
45 silly install resolved     _from: 'forever@*',
45 silly install resolved     _npmVersion: '2.2.0',
45 silly install resolved     _nodeVersion: '0.10.33',
45 silly install resolved     _npmUser: { name: 'indexzero', email: 'charlie.robbins@gmail.com' },
45 silly install resolved     dist:
45 silly install resolved      { shasum: '48bed8c2b215be5c1a3bf429275514a4dca1158a',
45 silly install resolved        tarball: 'http://registry.npmjs.org/forever/-/forever-0.14.1.tgz' },
45 silly install resolved     directories: {},
45 silly install resolved     _resolved: 'https://registry.npmjs.org/forever/-/forever-0.14.1.tgz' } ]
46 info install forever@0.14.1 into /home/administrator/.node/lib
47 info installOne forever@0.14.1
48 verbose installOne of forever to /home/administrator/.node/lib not in flight; installing
49 verbose lock using /home/administrator/.npm/_locks/forever-074d38ab52041d13.lock for /home/administrator/.node/lib/node_modules/forever
50 warn engine forever@0.14.1: wanted: {"node":">= 0.8.x"} (current: {"node":"0.13.0-pre","npm":"2.7.4"})
51 silly install write writing forever 0.14.1 to /home/administrator/.node/lib/node_modules/forever
52 silly cache addNamed cb forever@0.14.1
53 verbose unbuild lib/node_modules/forever
54 silly gentlyRm /home/administrator/.node/lib/node_modules/forever is being purged from base /home/administrator/.node
55 verbose gentlyRm don't care about contents; nuking /home/administrator/.node/lib/node_modules/forever
56 verbose tar unpack /home/administrator/.npm/forever/0.14.1/package.tgz
57 verbose tar unpacking to /home/administrator/.node/lib/node_modules/forever
58 silly gentlyRm /home/administrator/.node/lib/node_modules/forever is being purged
59 verbose gentlyRm don't care about contents; nuking /home/administrator/.node/lib/node_modules/forever
60 silly gunzTarPerm modes [ '775', '664' ]
61 error tar.unpack untar error /home/administrator/.npm/forever/0.14.1/package.tgz
62 verbose unlock done using /home/administrator/.npm/_locks/forever-074d38ab52041d13.lock for /home/administrator/.node/lib/node_modules/forever
63 verbose fstream_path /home/administrator/.node/lib/node_modules/forever
64 verbose fstream_type Directory
65 verbose fstream_class DirWriter
66 verbose stack Error: EACCES, mkdir '/home/administrator/.node/lib/node_modules/forever'
66 verbose stack     at Error (native)
67 verbose fstream_stack /usr/local/lib/node_modules/npm/node_modules/fstream/lib/dir-writer.js:36:23
67 verbose fstream_stack /usr/local/lib/node_modules/npm/node_modules/mkdirp/index.js:46:53
67 verbose fstream_stack FSReqWrap.oncomplete (fs.js:101:15)
68 verbose cwd /home/administrator/collaboration
69 error Linux 3.13.0-32-generic
70 error argv "/usr/local/bin/node" "/usr/local/bin/npm" "install" "forever" "-g"
71 error node v0.13.0-pre
72 error npm  v2.7.4
73 error path /home/administrator/.node/lib/node_modules/forever
74 error code EACCES
75 error errno -13
76 error Error: EACCES, mkdir '/home/administrator/.node/lib/node_modules/forever'
76 error     at Error (native)
76 error  { [Error: EACCES, mkdir '/home/administrator/.node/lib/node_modules/forever']
76 error   errno: -13,
76 error   code: 'EACCES',
76 error   path: '/home/administrator/.node/lib/node_modules/forever',
76 error   fstream_type: 'Directory',
76 error   fstream_path: '/home/administrator/.node/lib/node_modules/forever',
76 error   fstream_class: 'DirWriter',
76 error   fstream_stack:
76 error    [ '/usr/local/lib/node_modules/npm/node_modules/fstream/lib/dir-writer.js:36:23',
76 error      '/usr/local/lib/node_modules/npm/node_modules/mkdirp/index.js:46:53',
76 error      'FSReqWrap.oncomplete (fs.js:101:15)' ] }
77 error Please try running this command again as root/Administrator.
78 verbose exit [ -13, true ]
79 verbose unbuild lib/node_modules/forever
80 silly gentlyRm /home/administrator/.node/lib/node_modules/forever is being purged from base /home/administrator/.node
81 verbose gentlyRm don't care about contents; nuking /home/administrator/.node/lib/node_modules/forever
