[2015-03-29 22:39:34.390] [DEBUG] debug - User minhcc@daykem123.vn has logged in
[2015-03-29 22:39:34.393] [DEBUG] debug - Updated existed dayyyyyyyyyy user to DB
[2015-03-29 22:45:15.491] [DEBUG] debug - User minhcc@daykem123.vn has logged in
[2015-03-29 22:45:15.501] [DEBUG] debug - Updated existed dayyyyyyyyyy user to DB
[2015-03-29 23:31:07.972] [DEBUG] debug - IP: ::ffff:127.0.0.1
[2015-03-29 23:31:07.972] [DEBUG] debug - Board ID: 7156
[2015-03-29 23:31:07.973] [DEBUG] debug - Board ID: v5485bwadyx1
[2015-03-29 23:31:07.976] [DEBUG] debug - Created Board v5485bwadyx1 for licode
[2015-03-29 23:31:09.777] [DEBUG] debug - User minhcc@daykem123.vn has logged in
[2015-03-29 23:31:09.780] [DEBUG] debug - Updated existed dayyyyyyyyyy user to DB
[2015-03-30 01:13:22.273] [DEBUG] debug - User minhcc@daykem123.vn has logged in
[2015-03-30 01:13:22.277] [DEBUG] debug - Updated existed dayyyyyyyyyy user to DB
[2015-03-30 01:13:44.910] [DEBUG] debug - User minhcc@daykem123.vn has logged in
[2015-03-30 01:13:44.912] [DEBUG] debug - Updated existed dayyyyyyyyyy user to DB
[2015-03-30 01:13:54.282] [DEBUG] debug - User minhcc@daykem123.vn has logged in
[2015-03-30 01:13:54.283] [DEBUG] debug - Updated existed dayyyyyyyyyy user to DB
[2015-03-30 01:14:12.821] [DEBUG] debug - User minhcc@daykem123.vn has logged in
[2015-03-30 01:14:12.822] [DEBUG] debug - Updated existed dayyyyyyyyyy user to DB
[2015-03-30 01:14:25.315] [DEBUG] debug - IP: ::ffff:127.0.0.1
[2015-03-30 01:14:25.315] [DEBUG] debug - Board ID: 7148
[2015-03-30 01:14:25.315] [DEBUG] debug - Board ID: u7gal4y5fmsv
[2015-03-30 01:14:25.317] [DEBUG] debug - Created Board u7gal4y5fmsv for licode
[2015-03-30 01:14:29.275] [DEBUG] debug - User minhcc@daykem123.vn has logged in
[2015-03-30 01:14:29.277] [DEBUG] debug - Updated existed dayyyyyyyyyy user to DB
[2015-03-30 01:15:07.517] [DEBUG] debug - IP: ::ffff:127.0.0.1
[2015-03-30 01:15:20.128] [DEBUG] debug - IP: ::ffff:127.0.0.1
[2015-03-30 01:15:25.955] [DEBUG] debug - User minhcc@daykem123.vn has logged in
[2015-03-30 01:15:25.956] [DEBUG] debug - Updated existed dayyyyyyyyyy user to DB
[2015-03-30 01:15:43.350] [DEBUG] debug - IP: ::ffff:127.0.0.1
[2015-03-30 01:15:50.537] [DEBUG] debug - User minhcc@daykem123.vn has logged in
[2015-03-30 01:15:50.540] [DEBUG] debug - Updated existed dayyyyyyyyyy user to DB
[2015-03-30 01:16:03.508] [DEBUG] debug - User minhcc@daykem123.vn has logged in
[2015-03-30 01:16:03.510] [DEBUG] debug - Updated existed dayyyyyyyyyy user to DB
[2015-03-30 01:17:07.826] [DEBUG] debug - User minhcc@daykem123.vn has logged in
[2015-03-30 01:17:07.828] [DEBUG] debug - Updated existed dayyyyyyyyyy user to DB
[2015-03-30 01:19:33.415] [DEBUG] debug - IP: ::ffff:127.0.0.1
[2015-03-30 01:19:43.774] [DEBUG] debug - User test_tutor01@tutor.vn has logged in
[2015-03-30 01:19:43.778] [DEBUG] debug - Saved new user to DB
[2015-03-30 01:20:40.186] [DEBUG] debug - User test_student02@tutor.vn has logged in
[2015-03-30 01:20:40.188] [DEBUG] debug - Updated existed dayyyyyyyyyy user to DB
[2015-03-30 01:20:55.079] [DEBUG] debug - startSession::Start session successfully with sessionId:7143
[2015-03-30 01:21:35.143] [DEBUG] debug - endSession::End session successfully with sessionId:7143
[2015-03-30 01:21:35.160] [DEBUG] debug - endSession::End session successfully with sessionId:7143
[2015-03-30 08:43:29.458] [DEBUG] debug - User minhcc@daykem123.vn has logged in
[2015-03-30 08:43:29.468] [DEBUG] debug - Updated existed dayyyyyyyyyy user to DB
[2015-03-30 08:57:58.768] [DEBUG] debug - User minhcc@daykem123.vn has logged in
[2015-03-30 08:57:58.772] [DEBUG] debug - Updated existed dayyyyyyyyyy user to DB
[2015-03-30 08:59:43.466] [DEBUG] debug - IP: ::ffff:127.0.0.1
[2015-03-30 09:02:49.592] [DEBUG] debug - IP: ::ffff:127.0.0.1
[2015-03-30 09:03:06.888] [DEBUG] debug - IP: ::ffff:127.0.0.1
[2015-03-30 09:03:19.364] [DEBUG] debug - User Sunday@tutor.vn has logged in
[2015-03-30 09:03:19.366] [DEBUG] debug - Updated existed dayyyyyyyyyy user to DB
[2015-03-30 09:03:47.524] [DEBUG] debug - User free_test1@gmail.com has logged in
[2015-03-30 09:03:47.528] [DEBUG] debug - Updated existed dayyyyyyyyyy user to DB
[2015-03-30 09:04:01.609] [DEBUG] debug - User Sunday@tutor.vn has logged in
[2015-03-30 09:04:01.611] [DEBUG] debug - Updated existed dayyyyyyyyyy user to DB
[2015-03-30 09:04:05.444] [DEBUG] debug - startSession::Start session successfully with sessionId:7147
[2015-03-30 09:05:04.229] [DEBUG] debug - endSession::End session successfully with sessionId:7147
[2015-03-30 09:12:27.844] [DEBUG] debug - User Sunday@tutor.vn has logged in
[2015-03-30 09:12:27.846] [DEBUG] debug - Updated existed dayyyyyyyyyy user to DB
[2015-03-30 11:33:08.925] [DEBUG] debug - User minhcc@daykem123.vn has logged in
[2015-03-30 11:33:08.927] [DEBUG] debug - Updated existed dayyyyyyyyyy user to DB
[2015-03-30 12:58:52.863] [DEBUG] debug - User minhcc@daykem123.vn has logged in
[2015-03-30 12:58:52.865] [DEBUG] debug - Updated existed dayyyyyyyyyy user to DB
[2015-03-30 14:16:15.261] [DEBUG] debug - User minhcc@daykem123.vn has logged in
[2015-03-30 14:16:15.271] [DEBUG] debug - Updated existed dayyyyyyyyyy user to DB
[2015-03-30 15:00:29.372] [DEBUG] debug - User minhcc@daykem123.vn has logged in
[2015-03-30 15:00:29.386] [DEBUG] debug - Updated existed dayyyyyyyyyy user to DB
[2015-03-30 15:54:42.853] [DEBUG] debug - User minhcc@daykem123.vn has logged in
[2015-03-30 15:54:42.856] [DEBUG] debug - Updated existed dayyyyyyyyyy user to DB
[2015-03-30 15:59:52.421] [DEBUG] debug - User minhcc@daykem123.vn has logged in
[2015-03-30 15:59:52.425] [DEBUG] debug - Updated existed dayyyyyyyyyy user to DB
[2015-03-30 16:01:13.883] [DEBUG] debug - User minhcc@daykem123.vn has logged in
[2015-03-30 16:01:13.885] [DEBUG] debug - Updated existed dayyyyyyyyyy user to DB
[2015-03-30 16:01:24.852] [DEBUG] debug - IP: ::ffff:127.0.0.1
[2015-03-30 16:01:24.852] [DEBUG] debug - Board ID: 7159
[2015-03-30 16:01:24.853] [DEBUG] debug - Board ID: ky3gvcegn0vf
[2015-03-30 16:01:24.858] [DEBUG] debug - Created Board ky3gvcegn0vf for licode
[2015-03-30 16:01:30.474] [DEBUG] debug - IP: ::ffff:127.0.0.1
[2015-03-30 16:01:30.474] [DEBUG] debug - Board ID: 7159
[2015-03-30 16:01:30.475] [DEBUG] debug - Board ID: cks81tpzesoo
[2015-03-30 16:01:30.477] [DEBUG] debug - Created Board cks81tpzesoo for licode
[2015-03-30 16:01:32.499] [DEBUG] debug - User minhcc@daykem123.vn has logged in
[2015-03-30 16:01:32.501] [DEBUG] debug - Updated existed dayyyyyyyyyy user to DB
[2015-03-30 16:03:06.273] [DEBUG] debug - IP: ::ffff:127.0.0.1
[2015-03-30 16:03:06.274] [DEBUG] debug - Board ID: 7145
[2015-03-30 16:03:06.274] [DEBUG] debug - Board ID: ekomn1slkbf5
[2015-03-30 16:03:06.276] [DEBUG] debug - Created Board ekomn1slkbf5 for licode
[2015-03-30 16:03:07.302] [DEBUG] debug - User minhcc@daykem123.vn has logged in
[2015-03-30 16:03:07.304] [DEBUG] debug - Updated existed dayyyyyyyyyy user to DB
[2015-03-30 16:34:42.828] [DEBUG] debug - User minhcc@daykem123.vn has logged in
[2015-03-30 16:34:42.830] [DEBUG] debug - Updated existed dayyyyyyyyyy user to DB
[2015-03-30 16:39:29.899] [DEBUG] debug - User minhcc@daykem123.vn has logged in
[2015-03-30 16:39:29.901] [DEBUG] debug - Updated existed dayyyyyyyyyy user to DB
[2015-03-30 16:48:13.018] [DEBUG] debug - User minhcc@daykem123.vn has logged in
[2015-03-30 16:48:13.020] [DEBUG] debug - Updated existed dayyyyyyyyyy user to DB
[2015-03-30 17:12:39.053] [DEBUG] debug - User minhcc@daykem123.vn has logged in
[2015-03-30 17:12:39.056] [DEBUG] debug - Updated existed dayyyyyyyyyy user to DB
[2015-03-30 17:13:42.300] [DEBUG] debug - User minhcc@daykem123.vn has logged in
[2015-03-30 17:13:42.302] [DEBUG] debug - Updated existed dayyyyyyyyyy user to DB
[2015-03-30 17:13:54.654] [DEBUG] debug - User minhcc@daykem123.vn has logged in
[2015-03-30 17:13:54.656] [DEBUG] debug - Updated existed dayyyyyyyyyy user to DB
[2015-03-30 17:23:52.665] [DEBUG] debug - User minhcc@daykem123.vn has logged in
[2015-03-30 17:23:52.666] [DEBUG] debug - Updated existed dayyyyyyyyyy user to DB
[2015-03-30 17:25:31.486] [DEBUG] debug - User minhcc@daykem123.vn has logged in
[2015-03-30 17:25:31.488] [DEBUG] debug - Updated existed dayyyyyyyyyy user to DB
[2015-03-31 08:24:58.124] [DEBUG] debug - User minhcc@daykem123.vn has logged in
[2015-03-31 08:24:58.140] [DEBUG] debug - Updated existed dayyyyyyyyyy user to DB
[2015-03-31 08:56:10.233] [DEBUG] debug - User minhcc@daykem123.vn has logged in
[2015-03-31 08:56:10.237] [DEBUG] debug - Updated existed dayyyyyyyyyy user to DB
[2015-03-31 09:00:42.198] [DEBUG] debug - User minhcc@daykem123.vn has logged in
[2015-03-31 09:00:42.201] [DEBUG] debug - Updated existed dayyyyyyyyyy user to DB
[2015-03-31 09:00:53.018] [DEBUG] debug - User minhcc@daykem123.vn has logged in
[2015-03-31 09:00:53.021] [DEBUG] debug - Updated existed dayyyyyyyyyy user to DB
[2015-03-31 09:01:01.721] [DEBUG] debug - User minhcc@daykem123.vn has logged in
[2015-03-31 09:01:01.723] [DEBUG] debug - Updated existed dayyyyyyyyyy user to DB
[2015-03-31 09:01:12.039] [DEBUG] debug - User minhcc@daykem123.vn has logged in
[2015-03-31 09:01:12.041] [DEBUG] debug - Updated existed dayyyyyyyyyy user to DB
[2015-03-31 09:07:03.492] [ERROR] debug - Error Error: Redis connection to 127.0.0.1:6379 failed - connect ECONNREFUSED
[2015-03-31 09:07:03.926] [ERROR] debug - Error Error: Redis connection to 127.0.0.1:6379 failed - connect ECONNREFUSED
[2015-03-31 09:07:04.664] [ERROR] debug - Error Error: Redis connection to 127.0.0.1:6379 failed - connect ECONNREFUSED
[2015-03-31 09:41:30.891] [DEBUG] debug - User minhcc@daykem123.vn has logged in
[2015-03-31 09:41:30.907] [DEBUG] debug - Updated existed dayyyyyyyyyy user to DB
[2015-03-31 09:41:37.105] [DEBUG] debug - IP: ::ffff:127.0.0.1
[2015-03-31 09:41:37.105] [DEBUG] debug - Board ID: 7160
[2015-03-31 09:41:37.106] [DEBUG] debug - Board ID: 0at11d33axfb
[2015-03-31 09:41:37.113] [DEBUG] debug - Created Board 0at11d33axfb for licode
[2015-03-31 09:41:46.032] [DEBUG] debug - User minhcc@daykem123.vn has logged in
[2015-03-31 09:41:46.039] [DEBUG] debug - Updated existed dayyyyyyyyyy user to DB
[2015-03-31 09:48:58.867] [DEBUG] debug - User minhcc@daykem123.vn has logged in
[2015-03-31 09:48:58.872] [DEBUG] debug - Updated existed dayyyyyyyyyy user to DB
[2015-03-31 09:50:40.352] [DEBUG] debug - User minhcc@daykem123.vn has logged in
[2015-03-31 09:50:40.358] [DEBUG] debug - Updated existed dayyyyyyyyyy user to DB
[2015-03-31 09:54:45.477] [DEBUG] debug - User minhcc@daykem123.vn has logged in
[2015-03-31 09:54:45.481] [DEBUG] debug - Updated existed dayyyyyyyyyy user to DB
[2015-03-31 10:18:34.644] [DEBUG] debug - User minhcc@daykem123.vn has logged in
[2015-03-31 10:18:34.648] [DEBUG] debug - Updated existed dayyyyyyyyyy user to DB
[2015-03-31 11:08:29.342] [DEBUG] debug - User minhcc@daykem123.vn has logged in
[2015-03-31 11:08:29.346] [DEBUG] debug - Updated existed dayyyyyyyyyy user to DB
[2015-03-31 11:09:23.765] [DEBUG] debug - User minhcc@daykem123.vn has logged in
[2015-03-31 11:09:23.769] [DEBUG] debug - Updated existed dayyyyyyyyyy user to DB
[2015-03-31 11:09:34.862] [DEBUG] debug - User minhcc@daykem123.vn has logged in
[2015-03-31 11:09:34.866] [DEBUG] debug - Updated existed dayyyyyyyyyy user to DB
[2015-03-31 11:20:17.406] [DEBUG] debug - User minhcc@daykem123.vn has logged in
[2015-03-31 11:20:17.408] [DEBUG] debug - Updated existed dayyyyyyyyyy user to DB
[2015-03-31 11:21:48.480] [DEBUG] debug - User minhcc@daykem123.vn has logged in
[2015-03-31 11:21:48.484] [DEBUG] debug - Updated existed dayyyyyyyyyy user to DB
[2015-03-31 11:21:58.883] [DEBUG] debug - User minhcc@daykem123.vn has logged in
[2015-03-31 11:21:58.886] [DEBUG] debug - Updated existed dayyyyyyyyyy user to DB
[2015-03-31 11:23:35.935] [DEBUG] debug - IP: ::ffff:127.0.0.1
[2015-03-31 11:27:26.880] [DEBUG] debug - IP: ::ffff:127.0.0.1
[2015-03-31 11:27:26.880] [DEBUG] debug - Board ID: 7180
[2015-03-31 11:27:26.881] [DEBUG] debug - Board ID: f032e3yw1bbx
[2015-03-31 11:27:26.884] [DEBUG] debug - Created Board f032e3yw1bbx for licode
[2015-03-31 11:27:31.650] [DEBUG] debug - User Sunday@tutor.vn has logged in
[2015-03-31 11:27:31.653] [DEBUG] debug - Updated existed dayyyyyyyyyy user to DB
[2015-03-31 12:17:49.909] [DEBUG] debug - User minhcc@daykem123.vn has logged in
[2015-03-31 12:17:49.913] [DEBUG] debug - Updated existed dayyyyyyyyyy user to DB
[2015-03-31 12:18:25.003] [DEBUG] debug - User Sunday@tutor.vn has logged in
[2015-03-31 12:18:25.007] [DEBUG] debug - Updated existed dayyyyyyyyyy user to DB
[2015-03-31 14:03:36.932] [DEBUG] debug - User minhcc@daykem123.vn has logged in
[2015-03-31 14:03:36.935] [DEBUG] debug - Updated existed dayyyyyyyyyy user to DB
[2015-03-31 14:04:14.852] [DEBUG] debug - User minhcc@daykem123.vn has logged in
[2015-03-31 14:04:14.856] [DEBUG] debug - Updated existed dayyyyyyyyyy user to DB
[2015-03-31 14:12:53.793] [DEBUG] debug - User minhcc@daykem123.vn has logged in
[2015-03-31 14:12:53.795] [DEBUG] debug - Updated existed dayyyyyyyyyy user to DB
[2015-03-31 14:15:14.938] [DEBUG] debug - User minhcc@daykem123.vn has logged in
[2015-03-31 14:15:14.941] [DEBUG] debug - Updated existed dayyyyyyyyyy user to DB
[2015-03-31 14:46:38.538] [DEBUG] debug - User minhcc@daykem123.vn has logged in
[2015-03-31 14:46:38.542] [DEBUG] debug - Updated existed dayyyyyyyyyy user to DB
[2015-03-31 14:48:22.159] [DEBUG] debug - User minhcc@daykem123.vn has logged in
[2015-03-31 14:48:22.162] [DEBUG] debug - Updated existed dayyyyyyyyyy user to DB
[2015-03-31 14:49:37.812] [DEBUG] debug - User minhcc@daykem123.vn has logged in
[2015-03-31 14:49:37.830] [DEBUG] debug - Updated existed dayyyyyyyyyy user to DB
[2015-03-31 14:51:29.853] [DEBUG] debug - IP: ::ffff:127.0.0.1
[2015-03-31 14:51:29.854] [DEBUG] debug - Board ID: 7181
[2015-03-31 14:51:29.854] [DEBUG] debug - Board ID: 5lxgu115e9m7
[2015-03-31 14:51:29.859] [DEBUG] debug - Created Board 5lxgu115e9m7 for licode
[2015-03-31 14:51:35.683] [DEBUG] debug - User Sunday@tutor.vn has logged in
[2015-03-31 14:51:35.687] [DEBUG] debug - Updated existed dayyyyyyyyyy user to DB
[2015-03-31 14:53:10.433] [DEBUG] debug - User Sunday@tutor.vn has logged in
[2015-03-31 14:53:10.438] [DEBUG] debug - Updated existed dayyyyyyyyyy user to DB
[2015-03-31 14:53:19.464] [DEBUG] debug - User minhcc@daykem123.vn has logged in
[2015-03-31 14:53:19.469] [DEBUG] debug - Updated existed dayyyyyyyyyy user to DB
[2015-03-31 14:55:24.907] [DEBUG] debug - User Sunday@tutor.vn has logged in
[2015-03-31 14:55:24.912] [DEBUG] debug - Updated existed dayyyyyyyyyy user to DB
[2015-03-31 14:56:42.806] [DEBUG] debug - IP: ::ffff:127.0.0.1
[2015-03-31 14:57:07.225] [DEBUG] debug - User test_student02@tutor.vn has logged in
[2015-03-31 14:57:07.230] [DEBUG] debug - Updated existed dayyyyyyyyyy user to DB
[2015-03-31 14:57:11.888] [DEBUG] debug - startSession::Start session successfully with sessionId:7181
[2015-03-31 15:03:03.638] [DEBUG] debug - User test_student02@tutor.vn has logged in
[2015-03-31 15:03:03.648] [DEBUG] debug - Updated existed dayyyyyyyyyy user to DB
[2015-03-31 15:03:38.101] [DEBUG] debug - endSession::End session successfully with sessionId:7181
[2015-03-31 15:03:47.739] [DEBUG] debug - User test_student02@tutor.vn has logged in
[2015-03-31 15:03:47.750] [DEBUG] debug - Updated existed dayyyyyyyyyy user to DB
[2015-03-31 15:04:04.439] [DEBUG] debug - startSession::Start session successfully with sessionId:7181
[2015-03-31 15:04:48.135] [DEBUG] debug - User test_student02@tutor.vn has logged in
[2015-03-31 15:04:48.141] [DEBUG] debug - Updated existed dayyyyyyyyyy user to DB
[2015-03-31 15:05:05.500] [DEBUG] debug - User test_student02@tutor.vn has logged in
[2015-03-31 15:05:05.505] [DEBUG] debug - Updated existed dayyyyyyyyyy user to DB
[2015-03-31 15:05:33.874] [DEBUG] debug - User test_student02@tutor.vn has logged in
[2015-03-31 15:05:33.891] [DEBUG] debug - Updated existed dayyyyyyyyyy user to DB
[2015-03-31 15:16:12.826] [DEBUG] debug - endSession::End session successfully with sessionId:7181
[2015-03-31 15:16:14.980] [DEBUG] debug - startSession::Start session successfully with sessionId:7181
[2015-03-31 15:27:14.481] [DEBUG] debug - endSession::End session successfully with sessionId:7181
[2015-03-31 15:27:30.881] [DEBUG] debug - User Sunday@tutor.vn has logged in
[2015-03-31 15:27:30.887] [DEBUG] debug - Updated existed dayyyyyyyyyy user to DB
[2015-03-31 15:27:41.647] [DEBUG] debug - User test_student02@tutor.vn has logged in
[2015-03-31 15:27:41.650] [DEBUG] debug - Updated existed dayyyyyyyyyy user to DB
[2015-03-31 15:27:48.356] [DEBUG] debug - startSession::Start session successfully with sessionId:7181
